<?xml version="1.0" encoding="UTF-8"?>
<!-- Generated by org.testng.reporters.JUnitReportReporter -->
<testsuite hostname="DESKTOP-2K9CCIH" failures="0" tests="1" name="in.rest.RestAssuredDemo.POST_Request" time="4.522" errors="0" timestamp="2023-08-22T12:52:45 IST" skipped="0">
  <testcase classname="in.rest.RestAssuredDemo.POST_Request" name="createResource" time="4.522"/>
</testsuite> <!-- in.rest.RestAssuredDemo.POST_Request -->
