<?xml version="1.0" encoding="UTF-8"?>
<!-- Generated by org.testng.reporters.JUnitReportReporter -->
<testsuite hostname="DESKTOP-2K9CCIH" failures="0" tests="4" name="in.rest.RestAssuredDemo.Create_Update_Delete_Resource" time="7.089" errors="0" timestamp="2023-08-22T11:59:54 IST" skipped="0">
  <testcase classname="in.rest.RestAssuredDemo.Create_Update_Delete_Resource" name="createPayload" time="0.621"/>
  <system-out/>
  <testcase classname="in.rest.RestAssuredDemo.Create_Update_Delete_Resource" name="createResource" time="4.604"/>
  <system-out/>
  <testcase classname="in.rest.RestAssuredDemo.Create_Update_Delete_Resource" name="updateResource" time="1.263"/>
  <system-out/>
  <testcase classname="in.rest.RestAssuredDemo.Create_Update_Delete_Resource" name="deleteResource" time="0.601"/>
  <system-out/>
</testsuite> <!-- in.rest.RestAssuredDemo.Create_Update_Delete_Resource -->
