<?xml version="1.0" encoding="UTF-8"?>
<!-- Generated by org.testng.reporters.JUnitReportReporter -->
<testsuite hostname="DESKTOP-2K9CCIH" failures="0" tests="1" name="in.rest.RestAssuredDemo.GETDemoBarerToken" time="4.617" errors="0" timestamp="2023-08-18T13:34:01 IST" skipped="0">
  <testcase classname="in.rest.RestAssuredDemo.GETDemoBarerToken" name="createResource" time="4.617"/>
  <system-out/>
</testsuite> <!-- in.rest.RestAssuredDemo.GETDemoBarerToken -->
