<?xml version="1.0" encoding="UTF-8"?>
<!-- Generated by org.testng.reporters.JUnitReportReporter -->
<testsuite hostname="DESKTOP-2K9CCIH" failures="0" tests="1" name="in.rest.RestAssuredDemo.DELETEDemol" time="4.093" errors="0" timestamp="2023-08-17T11:40:44 IST" skipped="0">
  <testcase classname="in.rest.RestAssuredDemo.DELETEDemol" name="deleteResource" time="4.093"/>
  <system-out/>
</testsuite> <!-- in.rest.RestAssuredDemo.DELETEDemol -->
