<?xml version="1.0" encoding="UTF-8"?>
<!-- Generated by org.testng.reporters.JUnitReportReporter -->
<testsuite hostname="DESKTOP-2K9CCIH" failures="0" tests="1" name="in.rest.RestAssuredDemo.GETDemo" time="4.818" errors="0" timestamp="2023-08-22T12:07:44 IST" skipped="0">
  <testcase classname="in.rest.RestAssuredDemo.GETDemo" name="getServerResponce" time="4.818"/>
  <system-out/>
</testsuite> <!-- in.rest.RestAssuredDemo.GETDemo -->
