<?xml version="1.0" encoding="UTF-8"?>
<!-- Generated by org.testng.reporters.JUnitReportReporter -->
<testsuite hostname="DESKTOP-2K9CCIH" failures="0" tests="1" name="in.rest.RestAssuredDemo.PUTDemo" time="4.276" errors="0" timestamp="2023-08-17T10:54:17 IST" skipped="0">
  <testcase classname="in.rest.RestAssuredDemo.PUTDemo" name="createResource" time="4.276"/>
  <system-out/>
</testsuite> <!-- in.rest.RestAssuredDemo.PUTDemo -->
