<?xml version="1.0" encoding="UTF-8"?>
<!-- Generated by org.testng.reporters.JUnitReportReporter -->
<testsuite hostname="DESKTOP-2K9CCIH" failures="0" tests="1" name="in.rest.RestAssuredDemo.BarerTokenDemo" time="5.059" errors="0" timestamp="2023-08-18T13:34:59 IST" skipped="0">
  <testcase classname="in.rest.RestAssuredDemo.BarerTokenDemo" name="createResource" time="5.059"/>
  <system-out/>
</testsuite> <!-- in.rest.RestAssuredDemo.BarerTokenDemo -->
