<?xml version="1.0" encoding="UTF-8"?>
<!-- Generated by org.testng.reporters.JUnitReportReporter -->
<testsuite hostname="DESKTOP-2K9CCIH" failures="0" tests="1" name="in.rest.RestAssuredDemo.APIKeyDemo" time="5.934" errors="0" timestamp="2023-08-18T09:30:19 IST" skipped="0">
  <testcase classname="in.rest.RestAssuredDemo.APIKeyDemo" name="getWeatherInfo" time="5.934"/>
  <system-out/>
</testsuite> <!-- in.rest.RestAssuredDemo.APIKeyDemo -->
