<?xml version="1.0" encoding="UTF-8"?>
<!-- Generated by org.testng.reporters.JUnitReportReporter -->
<testsuite hostname="DESKTOP-2K9CCIH" failures="0" tests="1" name="in.rest.RestAssuredDemo.POSTDemo" time="4.606" errors="0" timestamp="2023-08-17T10:41:59 IST" skipped="0">
  <testcase classname="in.rest.RestAssuredDemo.POSTDemo" name="createResource" time="4.606"/>
  <system-out/>
</testsuite> <!-- in.rest.RestAssuredDemo.POSTDemo -->
