<?xml version="1.0" encoding="UTF-8"?>
<!-- Generated by org.testng.reporters.JUnitReportReporter -->
<testsuite hostname="DESKTOP-2K9CCIH" failures="0" tests="1" name="in.rest.RestAssuredDemo.VerifyCurrencyName" time="5.071" errors="0" timestamp="2023-08-18T12:15:38 IST" skipped="0">
  <testcase classname="in.rest.RestAssuredDemo.VerifyCurrencyName" name="verifyCurrencyName" time="5.071"/>
  <system-out/>
</testsuite> <!-- in.rest.RestAssuredDemo.VerifyCurrencyName -->
