<?xml version="1.0" encoding="UTF-8"?>
<!-- Generated by org.testng.reporters.JUnitReportReporter -->
<testsuite hostname="DESKTOP-2K9CCIH" failures="0" tests="1" name="in.rest.RestAssuredDemo.GET_Request" time="6.602" errors="0" timestamp="2023-08-22T12:49:24 IST" skipped="0">
  <testcase classname="in.rest.RestAssuredDemo.GET_Request" name="getServerResponce" time="6.602"/>
</testsuite> <!-- in.rest.RestAssuredDemo.GET_Request -->
