<?xml version="1.0" encoding="UTF-8"?>
<!-- Generated by org.testng.reporters.JUnitReportReporter -->
<testsuite hostname="DESKTOP-2K9CCIH" failures="0" tests="1" name="in.rest.RestAssuredDemo.UUID_Demo" time="0.033" errors="0" timestamp="2023-08-18T13:33:42 IST" skipped="0">
  <testcase classname="in.rest.RestAssuredDemo.UUID_Demo" name="test" time="0.033"/>
  <system-out/>
</testsuite> <!-- in.rest.RestAssuredDemo.UUID_Demo -->
