<?xml version="1.0" encoding="UTF-8"?>
<!-- Generated by org.testng.reporters.JUnitReportReporter -->
<testsuite hostname="DESKTOP-2K9CCIH" failures="0" tests="1" name="in.rest.RestAssuredDemo.SOAPDemo" time="2.899" errors="0" timestamp="2023-08-17T13:03:00 IST" skipped="0">
  <testcase classname="in.rest.RestAssuredDemo.SOAPDemo" name="getCapital" time="2.899"/>
  <system-out/>
</testsuite> <!-- in.rest.RestAssuredDemo.SOAPDemo -->
