<?xml version="1.0" encoding="UTF-8"?>
<!-- Generated by org.testng.reporters.JUnitReportReporter -->
<testsuite hostname="DESKTOP-2K9CCIH" failures="0" tests="1" name="in.rest.RestAssuredDemo.PUTDemoBarerToken" time="5.627" errors="0" timestamp="2023-08-18T11:54:01 IST" skipped="0">
  <testcase classname="in.rest.RestAssuredDemo.PUTDemoBarerToken" name="updateResource" time="5.627"/>
  <system-out/>
</testsuite> <!-- in.rest.RestAssuredDemo.PUTDemoBarerToken -->
